<?xml version="1.0" encoding="UTF-8"?>
<testng-results ignored="0" total="3" passed="3" failed="0" skipped="0">
  <reporter-output>
    <line>
      <![CDATA[Hello Python Selenium]]>
    </line>
    <line>
      <![CDATA[Hello Selenium]]>
    </line>
    <line>
      <![CDATA[Hello Java]]>
    </line>
  </reporter-output>
  <suite started-at="2022-09-20T12:48:49 IST" name="Suite" finished-at="2022-09-20T12:48:49 IST" duration-ms="89">
    <groups>
    </groups>
    <test started-at="2022-09-20T12:48:49 IST" name="Test" finished-at="2022-09-20T12:48:49 IST" duration-ms="89">
      <class name="scripts.Test1">
        <test-method signature="tc2()[pri:0, instance:scripts.Test1@223aa2f7]" started-at="2022-09-20T12:48:49 IST" name="tc2" finished-at="2022-09-20T12:48:49 IST" duration-ms="2" status="PASS">
          <reporter-output>
            <line>
              <![CDATA[Hello Selenium]]>
            </line>
          </reporter-output>
        </test-method> <!-- tc2 -->
      </class> <!-- scripts.Test1 -->
      <class name="scripts.Test0">
        <test-method signature="tc1()[pri:0, instance:scripts.Test0@6d3a388c]" started-at="2022-09-20T12:48:49 IST" name="tc1" finished-at="2022-09-20T12:48:49 IST" duration-ms="3" status="PASS">
          <reporter-output>
            <line>
              <![CDATA[Hello Java]]>
            </line>
          </reporter-output>
        </test-method> <!-- tc1 -->
      </class> <!-- scripts.Test0 -->
      <class name="scripts.Test2">
        <test-method signature="tc3()[pri:0, instance:scripts.Test2@41fecb8b]" started-at="2022-09-20T12:48:49 IST" name="tc3" finished-at="2022-09-20T12:48:49 IST" duration-ms="10" status="PASS">
          <reporter-output>
            <line>
              <![CDATA[Hello Python Selenium]]>
            </line>
          </reporter-output>
        </test-method> <!-- tc3 -->
      </class> <!-- scripts.Test2 -->
    </test> <!-- Test -->
  </suite> <!-- Suite -->
</testng-results>
